# JRE version: OpenJDK Runtime Environment (8.0_232-b09) (build 1.8.0_232-8u232-b09-0ubuntu1~18.04.1-b09)
# Java VM: OpenJDK 64-Bit Server VM (25.232-b09 mixed mode linux-amd64 compressed oops)
Heap:
 PSYoungGen      total 1163264K, used 0K [0x000000076cf80000, 0x00000007c0000000, 0x00000007c0000000)
  eden space 1088512K, 0% used [0x000000076cf80000,0x000000076cf80000,0x00000007af680000)
  from space 74752K, 0% used [0x00000007af680000,0x00000007af680000,0x00000007b3f80000)
  to   space 117760K, 0% used [0x00000007b8d00000,0x00000007b8d00000,0x00000007c0000000)
 ParOldGen       total 276480K, used 237615K [0x00000006c6e00000, 0x00000006d7c00000, 0x000000076cf80000)
  object space 276480K, 85% used [0x00000006c6e00000,0x00000006d560bc18,0x00000006d7c00000)
 Metaspace       used 81008K, capacity 85084K, committed 85632K, reserved 1124352K
  class space    used 10060K, capacity 10804K, committed 10880K, reserved 1048576K
GC Heap History (10 events):
Event: 60.648 GC heap after
Heap after GC invocations=24 (full 3):
 PSYoungGen      total 828928K, used 36947K [0x000000076cf80000, 0x00000007ac900000, 0x00000007c0000000)
  eden space 779264K, 0% used [0x000000076cf80000,0x000000076cf80000,0x000000079c880000)
  from space 49664K, 74% used [0x000000079c880000,0x000000079ec94fc8,0x000000079f900000)
  to   space 52224K, 0% used [0x00000007a9600000,0x00000007a9600000,0x00000007ac900000)
 ParOldGen       total 272896K, used 123494K [0x00000006c6e00000, 0x00000006d7880000, 0x000000076cf80000)
  object space 272896K, 45% used [0x00000006c6e00000,0x00000006ce699b98,0x00000006d7880000)
 Metaspace       used 60167K, capacity 64174K, committed 64384K, reserved 1105920K
  class space    used 7835K, capacity 8528K, committed 8576K, reserved 1048576K
}
Event: 62.939 GC heap before
{Heap before GC invocations=25 (full 3):
 PSYoungGen      total 828928K, used 816211K [0x000000076cf80000, 0x00000007ac900000, 0x00000007c0000000)
  eden space 779264K, 100% used [0x000000076cf80000,0x000000079c880000,0x000000079c880000)
  from space 49664K, 74% used [0x000000079c880000,0x000000079ec94fc8,0x000000079f900000)
  to   space 52224K, 0% used [0x00000007a9600000,0x00000007a9600000,0x00000007ac900000)
 ParOldGen       total 272896K, used 123494K [0x00000006c6e00000, 0x00000006d7880000, 0x000000076cf80000)
  object space 272896K, 45% used [0x00000006c6e00000,0x00000006ce699b98,0x00000006d7880000)
 Metaspace       used 60167K, capacity 64174K, committed 64384K, reserved 1105920K
  class space    used 7835K, capacity 8528K, committed 8576K, reserved 1048576K
Event: 62.979 GC heap after
Heap after GC invocations=25 (full 3):
 PSYoungGen      total 991232K, used 16768K [0x000000076cf80000, 0x00000007acc80000, 0x00000007c0000000)
  eden space 939008K, 0% used [0x000000076cf80000,0x000000076cf80000,0x00000007a6480000)
  from space 52224K, 32% used [0x00000007a9600000,0x00000007aa660040,0x00000007ac900000)
  to   space 50688K, 0% used [0x00000007a6480000,0x00000007a6480000,0x00000007a9600000)
 ParOldGen       total 272896K, used 145709K [0x00000006c6e00000, 0x00000006d7880000, 0x000000076cf80000)
  object space 272896K, 53% used [0x00000006c6e00000,0x00000006cfc4b700,0x00000006d7880000)
 Metaspace       used 60167K, capacity 64174K, committed 64384K, reserved 1105920K
  class space    used 7835K, capacity 8528K, committed 8576K, reserved 1048576K
}
Event: 202.278 GC heap before
{Heap before GC invocations=26 (full 3):
 PSYoungGen      total 991232K, used 955776K [0x000000076cf80000, 0x00000007acc80000, 0x00000007c0000000)
  eden space 939008K, 100% used [0x000000076cf80000,0x00000007a6480000,0x00000007a6480000)
  from space 52224K, 32% used [0x00000007a9600000,0x00000007aa660040,0x00000007ac900000)
  to   space 50688K, 0% used [0x00000007a6480000,0x00000007a6480000,0x00000007a9600000)
 ParOldGen       total 272896K, used 145709K [0x00000006c6e00000, 0x00000006d7880000, 0x000000076cf80000)
  object space 272896K, 53% used [0x00000006c6e00000,0x00000006cfc4b700,0x00000006d7880000)
 Metaspace       used 76114K, capacity 80146K, committed 80512K, reserved 1120256K
  class space    used 9532K, capacity 10249K, committed 10368K, reserved 1048576K
Event: 202.316 GC heap after
Heap after GC invocations=26 (full 3):
 PSYoungGen      total 989696K, used 35140K [0x000000076cf80000, 0x00000007b7280000, 0x00000007c0000000)
  eden space 939008K, 0% used [0x000000076cf80000,0x000000076cf80000,0x00000007a6480000)
  from space 50688K, 69% used [0x00000007a6480000,0x00000007a86d1178,0x00000007a9600000)
  to   space 52224K, 0% used [0x00000007b3f80000,0x00000007b3f80000,0x00000007b7280000)
 ParOldGen       total 272896K, used 150085K [0x00000006c6e00000, 0x00000006d7880000, 0x000000076cf80000)
  object space 272896K, 54% used [0x00000006c6e00000,0x00000006d0091700,0x00000006d7880000)
 Metaspace       used 76114K, capacity 80146K, committed 80512K, reserved 1120256K
  class space    used 9532K, capacity 10249K, committed 10368K, reserved 1048576K
}
Event: 204.999 GC heap before
{Heap before GC invocations=27 (full 3):
 PSYoungGen      total 989696K, used 974148K [0x000000076cf80000, 0x00000007b7280000, 0x00000007c0000000)
  eden space 939008K, 100% used [0x000000076cf80000,0x00000007a6480000,0x00000007a6480000)
  from space 50688K, 69% used [0x00000007a6480000,0x00000007a86d1178,0x00000007a9600000)
  to   space 52224K, 0% used [0x00000007b3f80000,0x00000007b3f80000,0x00000007b7280000)
 ParOldGen       total 272896K, used 150085K [0x00000006c6e00000, 0x00000006d7880000, 0x000000076cf80000)
  object space 272896K, 54% used [0x00000006c6e00000,0x00000006d0091700,0x00000006d7880000)
 Metaspace       used 77328K, capacity 81354K, committed 81664K, reserved 1120256K
  class space    used 9694K, capacity 10415K, committed 10496K, reserved 1048576K
Event: 205.053 GC heap after
Heap after GC invocations=27 (full 3):
 PSYoungGen      total 1140736K, used 52221K [0x000000076cf80000, 0x00000007bb080000, 0x00000007c0000000)
  eden space 1088512K, 0% used [0x000000076cf80000,0x000000076cf80000,0x00000007af680000)
  from space 52224K, 99% used [0x00000007b3f80000,0x00000007b727f6d8,0x00000007b7280000)
  to   space 74752K, 0% used [0x00000007af680000,0x00000007af680000,0x00000007b3f80000)
 ParOldGen       total 272896K, used 191435K [0x00000006c6e00000, 0x00000006d7880000, 0x000000076cf80000)
  object space 272896K, 70% used [0x00000006c6e00000,0x00000006d28f2e98,0x00000006d7880000)
 Metaspace       used 77328K, capacity 81354K, committed 81664K, reserved 1120256K
  class space    used 9694K, capacity 10415K, committed 10496K, reserved 1048576K
}
Event: 210.285 GC heap before
{Heap before GC invocations=28 (full 3):
 PSYoungGen      total 1140736K, used 1140733K [0x000000076cf80000, 0x00000007bb080000, 0x00000007c0000000)
  eden space 1088512K, 100% used [0x000000076cf80000,0x00000007af680000,0x00000007af680000)
  from space 52224K, 99% used [0x00000007b3f80000,0x00000007b727f6d8,0x00000007b7280000)
  to   space 74752K, 0% used [0x00000007af680000,0x00000007af680000,0x00000007b3f80000)
 ParOldGen       total 272896K, used 191435K [0x00000006c6e00000, 0x00000006d7880000, 0x000000076cf80000)
  object space 272896K, 70% used [0x00000006c6e00000,0x00000006d28f2e98,0x00000006d7880000)
 Metaspace       used 81010K, capacity 85090K, committed 85632K, reserved 1124352K
  class space    used 10061K, capacity 10805K, committed 10880K, reserved 1048576K
Event: 210.611 GC heap after
Heap after GC invocations=28 (full 3):
 PSYoungGen      total 1163264K, used 74750K [0x000000076cf80000, 0x00000007c0000000, 0x00000007c0000000)
  eden space 1088512K, 0% used [0x000000076cf80000,0x000000076cf80000,0x00000007af680000)
  from space 74752K, 99% used [0x00000007af680000,0x00000007b3f7f9e0,0x00000007b3f80000)
  to   space 117760K, 0% used [0x00000007b8d00000,0x00000007b8d00000,0x00000007c0000000)
 ParOldGen       total 276480K, used 276033K [0x00000006c6e00000, 0x00000006d7c00000, 0x000000076cf80000)
  object space 276480K, 99% used [0x00000006c6e00000,0x00000006d7b90710,0x00000006d7c00000)
 Metaspace       used 81010K, capacity 85090K, committed 85632K, reserved 1124352K
  class space    used 10061K, capacity 10805K, committed 10880K, reserved 1048576K
}
Event: 210.767 GC heap before
{Heap before GC invocations=29 (full 4):
 PSYoungGen      total 1163264K, used 74750K [0x000000076cf80000, 0x00000007c0000000, 0x00000007c0000000)
  eden space 1088512K, 0% used [0x000000076cf80000,0x000000076cf80000,0x00000007af680000)
  from space 74752K, 99% used [0x00000007af680000,0x00000007b3f7f9e0,0x00000007b3f80000)
  to   space 117760K, 0% used [0x00000007b8d00000,0x00000007b8d00000,0x00000007c0000000)
 ParOldGen       total 276480K, used 276033K [0x00000006c6e00000, 0x00000006d7c00000, 0x000000076cf80000)
  object space 276480K, 99% used [0x00000006c6e00000,0x00000006d7b90710,0x00000006d7c00000)
 Metaspace       used 81010K, capacity 85090K, committed 85632K, reserved 1124352K
  class space    used 10061K, capacity 10805K, committed 10880K, reserved 1048576K

